Analysis & Synthesis report for Somador4bits
Thu Nov 03 12:12:41 2016
Quartus II 64-Bit Version 13.0.1 Build 232 06/12/2013 Service Pack 1 SJ Web Edition


---------------------
; Table of Contents ;
---------------------
  1. Legal Notice
  2. Analysis & Synthesis Summary
  3. Analysis & Synthesis Settings
  4. Parallel Compilation
  5. Analysis & Synthesis Source Files Read
  6. Analysis & Synthesis Resource Usage Summary
  7. Analysis & Synthesis Resource Utilization by Entity
  8. User-Specified and Inferred Latches
  9. General Register Statistics
 10. Parameter Settings for Inferred Entity Instance: lpm_divide:Mod1
 11. Parameter Settings for Inferred Entity Instance: lpm_divide:Mod2
 12. Parameter Settings for Inferred Entity Instance: lpm_divide:Div1
 13. Port Connectivity Checks: "somador4:comb_3|somador:comb_27"
 14. Port Connectivity Checks: "somador4:comb_3|somador:comb_26"
 15. Port Connectivity Checks: "somador4:comb_3"
 16. Elapsed Time Per Partition
 17. Analysis & Synthesis Messages



----------------
; Legal Notice ;
----------------
Copyright (C) 1991-2013 Altera Corporation
Your use of Altera Corporation's design tools, logic functions 
and other software and tools, and its AMPP partner logic 
functions, and any output files from any of the foregoing 
(including device programming or simulation files), and any 
associated documentation or information are expressly subject 
to the terms and conditions of the Altera Program License 
Subscription Agreement, Altera MegaCore Function License 
Agreement, or other applicable license agreement, including, 
without limitation, that your use is for the sole purpose of 
programming logic devices manufactured by Altera and sold by 
Altera or its authorized distributors.  Please refer to the 
applicable agreement for further details.



+--------------------------------------------------------------------------------------+
; Analysis & Synthesis Summary                                                         ;
+------------------------------------+-------------------------------------------------+
; Analysis & Synthesis Status        ; Successful - Thu Nov 03 12:12:41 2016           ;
; Quartus II 64-Bit Version          ; 13.0.1 Build 232 06/12/2013 SP 1 SJ Web Edition ;
; Revision Name                      ; Somador4bits                                    ;
; Top-level Entity Name              ; Somador4bits                                    ;
; Family                             ; Cyclone II                                      ;
; Total logic elements               ; 36                                              ;
;     Total combinational functions  ; 36                                              ;
;     Dedicated logic registers      ; 0                                               ;
; Total registers                    ; 0                                               ;
; Total pins                         ; 39                                              ;
; Total virtual pins                 ; 0                                               ;
; Total memory bits                  ; 0                                               ;
; Embedded Multiplier 9-bit elements ; 0                                               ;
; Total PLLs                         ; 0                                               ;
+------------------------------------+-------------------------------------------------+


+----------------------------------------------------------------------------------------------------------------------+
; Analysis & Synthesis Settings                                                                                        ;
+----------------------------------------------------------------------------+--------------------+--------------------+
; Option                                                                     ; Setting            ; Default Value      ;
+----------------------------------------------------------------------------+--------------------+--------------------+
; Device                                                                     ; EP2C35F672C6       ;                    ;
; Top-level entity name                                                      ; Somador4bits       ; Somador4bits       ;
; Family name                                                                ; Cyclone II         ; Cyclone IV GX      ;
; Use smart compilation                                                      ; Off                ; Off                ;
; Enable parallel Assembler and TimeQuest Timing Analyzer during compilation ; On                 ; On                 ;
; Enable compact report table                                                ; Off                ; Off                ;
; Restructure Multiplexers                                                   ; Auto               ; Auto               ;
; Create Debugging Nodes for IP Cores                                        ; Off                ; Off                ;
; Preserve fewer node names                                                  ; On                 ; On                 ;
; Disable OpenCore Plus hardware evaluation                                  ; Off                ; Off                ;
; Verilog Version                                                            ; Verilog_2001       ; Verilog_2001       ;
; VHDL Version                                                               ; VHDL_1993          ; VHDL_1993          ;
; State Machine Processing                                                   ; Auto               ; Auto               ;
; Safe State Machine                                                         ; Off                ; Off                ;
; Extract Verilog State Machines                                             ; On                 ; On                 ;
; Extract VHDL State Machines                                                ; On                 ; On                 ;
; Ignore Verilog initial constructs                                          ; Off                ; Off                ;
; Iteration limit for constant Verilog loops                                 ; 5000               ; 5000               ;
; Iteration limit for non-constant Verilog loops                             ; 250                ; 250                ;
; Add Pass-Through Logic to Inferred RAMs                                    ; On                 ; On                 ;
; Infer RAMs from Raw Logic                                                  ; On                 ; On                 ;
; Parallel Synthesis                                                         ; On                 ; On                 ;
; DSP Block Balancing                                                        ; Auto               ; Auto               ;
; NOT Gate Push-Back                                                         ; On                 ; On                 ;
; Power-Up Don't Care                                                        ; On                 ; On                 ;
; Remove Redundant Logic Cells                                               ; Off                ; Off                ;
; Remove Duplicate Registers                                                 ; On                 ; On                 ;
; Ignore CARRY Buffers                                                       ; Off                ; Off                ;
; Ignore CASCADE Buffers                                                     ; Off                ; Off                ;
; Ignore GLOBAL Buffers                                                      ; Off                ; Off                ;
; Ignore ROW GLOBAL Buffers                                                  ; Off                ; Off                ;
; Ignore LCELL Buffers                                                       ; Off                ; Off                ;
; Ignore SOFT Buffers                                                        ; On                 ; On                 ;
; Limit AHDL Integers to 32 Bits                                             ; Off                ; Off                ;
; Optimization Technique                                                     ; Balanced           ; Balanced           ;
; Carry Chain Length                                                         ; 70                 ; 70                 ;
; Auto Carry Chains                                                          ; On                 ; On                 ;
; Auto Open-Drain Pins                                                       ; On                 ; On                 ;
; Perform WYSIWYG Primitive Resynthesis                                      ; Off                ; Off                ;
; Auto ROM Replacement                                                       ; On                 ; On                 ;
; Auto RAM Replacement                                                       ; On                 ; On                 ;
; Auto Shift Register Replacement                                            ; Auto               ; Auto               ;
; Allow Shift Register Merging across Hierarchies                            ; Auto               ; Auto               ;
; Auto Clock Enable Replacement                                              ; On                 ; On                 ;
; Strict RAM Replacement                                                     ; Off                ; Off                ;
; Allow Synchronous Control Signals                                          ; On                 ; On                 ;
; Force Use of Synchronous Clear Signals                                     ; Off                ; Off                ;
; Auto RAM to Logic Cell Conversion                                          ; Off                ; Off                ;
; Auto Resource Sharing                                                      ; Off                ; Off                ;
; Allow Any RAM Size For Recognition                                         ; Off                ; Off                ;
; Allow Any ROM Size For Recognition                                         ; Off                ; Off                ;
; Allow Any Shift Register Size For Recognition                              ; Off                ; Off                ;
; Use LogicLock Constraints during Resource Balancing                        ; On                 ; On                 ;
; Ignore translate_off and synthesis_off directives                          ; Off                ; Off                ;
; Timing-Driven Synthesis                                                    ; Off                ; Off                ;
; Report Parameter Settings                                                  ; On                 ; On                 ;
; Report Source Assignments                                                  ; On                 ; On                 ;
; Report Connectivity Checks                                                 ; On                 ; On                 ;
; Ignore Maximum Fan-Out Assignments                                         ; Off                ; Off                ;
; Synchronization Register Chain Length                                      ; 2                  ; 2                  ;
; PowerPlay Power Optimization                                               ; Normal compilation ; Normal compilation ;
; HDL message level                                                          ; Level2             ; Level2             ;
; Suppress Register Optimization Related Messages                            ; Off                ; Off                ;
; Number of Removed Registers Reported in Synthesis Report                   ; 5000               ; 5000               ;
; Number of Swept Nodes Reported in Synthesis Report                         ; 5000               ; 5000               ;
; Number of Inverted Registers Reported in Synthesis Report                  ; 100                ; 100                ;
; Clock MUX Protection                                                       ; On                 ; On                 ;
; Auto Gated Clock Conversion                                                ; Off                ; Off                ;
; Block Design Naming                                                        ; Auto               ; Auto               ;
; SDC constraint protection                                                  ; Off                ; Off                ;
; Synthesis Effort                                                           ; Auto               ; Auto               ;
; Shift Register Replacement - Allow Asynchronous Clear Signal               ; On                 ; On                 ;
; Pre-Mapping Resynthesis Optimization                                       ; Off                ; Off                ;
; Analysis & Synthesis Message Level                                         ; Medium             ; Medium             ;
; Disable Register Merging Across Hierarchies                                ; Auto               ; Auto               ;
; Resource Aware Inference For Block RAM                                     ; On                 ; On                 ;
; Synthesis Seed                                                             ; 1                  ; 1                  ;
+----------------------------------------------------------------------------+--------------------+--------------------+


Parallel compilation was disabled, but you have multiple processors available. Enable parallel compilation to reduce compilation time.
+-------------------------------------+
; Parallel Compilation                ;
+----------------------------+--------+
; Processors                 ; Number ;
+----------------------------+--------+
; Number detected on machine ; 4      ;
; Maximum allowed            ; 1      ;
+----------------------------+--------+


+---------------------------------------------------------------------------------------------------------------------------------------------------------------------------+
; Analysis & Synthesis Source Files Read                                                                                                                                    ;
+----------------------------------+-----------------+------------------------------+-----------------------------------------------------------------------------+---------+
; File Name with User-Entered Path ; Used in Netlist ; File Type                    ; File Name with Absolute Path                                                ; Library ;
+----------------------------------+-----------------+------------------------------+-----------------------------------------------------------------------------+---------+
; Somador4bits.v                   ; yes             ; User Verilog HDL File        ; C:/Users/Aluno/Desktop/LSD - Aula 9/LSD - Aula 9/Somador4bits.v             ;         ;
; lpm_divide.tdf                   ; yes             ; Megafunction                 ; c:/altera/13.0sp1/quartus/libraries/megafunctions/lpm_divide.tdf            ;         ;
; abs_divider.inc                  ; yes             ; Megafunction                 ; c:/altera/13.0sp1/quartus/libraries/megafunctions/abs_divider.inc           ;         ;
; sign_div_unsign.inc              ; yes             ; Megafunction                 ; c:/altera/13.0sp1/quartus/libraries/megafunctions/sign_div_unsign.inc       ;         ;
; aglobal130.inc                   ; yes             ; Megafunction                 ; c:/altera/13.0sp1/quartus/libraries/megafunctions/aglobal130.inc            ;         ;
; db/lpm_divide_35m.tdf            ; yes             ; Auto-Generated Megafunction  ; C:/Users/Aluno/Desktop/LSD - Aula 9/LSD - Aula 9/db/lpm_divide_35m.tdf      ;         ;
; db/sign_div_unsign_dkh.tdf       ; yes             ; Auto-Generated Megafunction  ; C:/Users/Aluno/Desktop/LSD - Aula 9/LSD - Aula 9/db/sign_div_unsign_dkh.tdf ;         ;
; db/alt_u_div_sve.tdf             ; yes             ; Auto-Generated Megafunction  ; C:/Users/Aluno/Desktop/LSD - Aula 9/LSD - Aula 9/db/alt_u_div_sve.tdf       ;         ;
; db/add_sub_lkc.tdf               ; yes             ; Auto-Generated Megafunction  ; C:/Users/Aluno/Desktop/LSD - Aula 9/LSD - Aula 9/db/add_sub_lkc.tdf         ;         ;
; db/add_sub_mkc.tdf               ; yes             ; Auto-Generated Megafunction  ; C:/Users/Aluno/Desktop/LSD - Aula 9/LSD - Aula 9/db/add_sub_mkc.tdf         ;         ;
; db/lpm_divide_45m.tdf            ; yes             ; Auto-Generated Megafunction  ; C:/Users/Aluno/Desktop/LSD - Aula 9/LSD - Aula 9/db/lpm_divide_45m.tdf      ;         ;
; db/sign_div_unsign_akh.tdf       ; yes             ; Auto-Generated Megafunction  ; C:/Users/Aluno/Desktop/LSD - Aula 9/LSD - Aula 9/db/sign_div_unsign_akh.tdf ;         ;
; db/alt_u_div_mve.tdf             ; yes             ; Auto-Generated Megafunction  ; C:/Users/Aluno/Desktop/LSD - Aula 9/LSD - Aula 9/db/alt_u_div_mve.tdf       ;         ;
; db/lpm_divide_0dm.tdf            ; yes             ; Auto-Generated Megafunction  ; C:/Users/Aluno/Desktop/LSD - Aula 9/LSD - Aula 9/db/lpm_divide_0dm.tdf      ;         ;
+----------------------------------+-----------------+------------------------------+-----------------------------------------------------------------------------+---------+


+--------------------------------------------------------------------------------------------------------------------------------------------------------------+
; Analysis & Synthesis Resource Usage Summary                                                                                                                  ;
+---------------------------------------------+----------------------------------------------------------------------------------------------------------------+
; Resource                                    ; Usage                                                                                                          ;
+---------------------------------------------+----------------------------------------------------------------------------------------------------------------+
; Estimated Total logic elements              ; 36                                                                                                             ;
;                                             ;                                                                                                                ;
; Total combinational functions               ; 36                                                                                                             ;
; Logic element usage by number of LUT inputs ;                                                                                                                ;
;     -- 4 input functions                    ; 10                                                                                                             ;
;     -- 3 input functions                    ; 13                                                                                                             ;
;     -- <=2 input functions                  ; 13                                                                                                             ;
;                                             ;                                                                                                                ;
; Logic elements by mode                      ;                                                                                                                ;
;     -- normal mode                          ; 28                                                                                                             ;
;     -- arithmetic mode                      ; 8                                                                                                              ;
;                                             ;                                                                                                                ;
; Total registers                             ; 0                                                                                                              ;
;     -- Dedicated logic registers            ; 0                                                                                                              ;
;     -- I/O registers                        ; 0                                                                                                              ;
;                                             ;                                                                                                                ;
; I/O pins                                    ; 39                                                                                                             ;
; Embedded Multiplier 9-bit elements          ; 0                                                                                                              ;
; Maximum fan-out node                        ; lpm_divide:Mod2|lpm_divide_45m:auto_generated|sign_div_unsign_akh:divider|alt_u_div_mve:divider|StageOut[31]~0 ;
; Maximum fan-out                             ; 8                                                                                                              ;
; Total fan-out                               ; 110                                                                                                            ;
; Average fan-out                             ; 1.47                                                                                                           ;
+---------------------------------------------+----------------------------------------------------------------------------------------------------------------+


+-----------------------------------------------------------------------------------------------------------------------------------------------------------------------------------------------------------------------------------------------------------------------------------+
; Analysis & Synthesis Resource Utilization by Entity                                                                                                                                                                                                                               ;
+----------------------------------------+-------------------+--------------+-------------+--------------+---------+-----------+------+--------------+---------------------------------------------------------------------------------------------------------------+--------------+
; Compilation Hierarchy Node             ; LC Combinationals ; LC Registers ; Memory Bits ; DSP Elements ; DSP 9x9 ; DSP 18x18 ; Pins ; Virtual Pins ; Full Hierarchy Name                                                                                           ; Library Name ;
+----------------------------------------+-------------------+--------------+-------------+--------------+---------+-----------+------+--------------+---------------------------------------------------------------------------------------------------------------+--------------+
; |Somador4bits                          ; 36 (0)            ; 0 (0)        ; 0           ; 0            ; 0       ; 0         ; 39   ; 0            ; |Somador4bits                                                                                                 ; work         ;
;    |decodificador:comb_11|             ; 15 (15)           ; 0 (0)        ; 0           ; 0            ; 0       ; 0         ; 0    ; 0            ; |Somador4bits|decodificador:comb_11                                                                           ; work         ;
;    |lpm_divide:Div1|                   ; 5 (0)             ; 0 (0)        ; 0           ; 0            ; 0       ; 0         ; 0    ; 0            ; |Somador4bits|lpm_divide:Div1                                                                                 ; work         ;
;       |lpm_divide_0dm:auto_generated|  ; 5 (0)             ; 0 (0)        ; 0           ; 0            ; 0       ; 0         ; 0    ; 0            ; |Somador4bits|lpm_divide:Div1|lpm_divide_0dm:auto_generated                                                   ; work         ;
;          |sign_div_unsign_akh:divider| ; 5 (0)             ; 0 (0)        ; 0           ; 0            ; 0       ; 0         ; 0    ; 0            ; |Somador4bits|lpm_divide:Div1|lpm_divide_0dm:auto_generated|sign_div_unsign_akh:divider                       ; work         ;
;             |alt_u_div_mve:divider|    ; 5 (5)             ; 0 (0)        ; 0           ; 0            ; 0       ; 0         ; 0    ; 0            ; |Somador4bits|lpm_divide:Div1|lpm_divide_0dm:auto_generated|sign_div_unsign_akh:divider|alt_u_div_mve:divider ; work         ;
;    |lpm_divide:Mod2|                   ; 8 (0)             ; 0 (0)        ; 0           ; 0            ; 0       ; 0         ; 0    ; 0            ; |Somador4bits|lpm_divide:Mod2                                                                                 ; work         ;
;       |lpm_divide_45m:auto_generated|  ; 8 (0)             ; 0 (0)        ; 0           ; 0            ; 0       ; 0         ; 0    ; 0            ; |Somador4bits|lpm_divide:Mod2|lpm_divide_45m:auto_generated                                                   ; work         ;
;          |sign_div_unsign_akh:divider| ; 8 (0)             ; 0 (0)        ; 0           ; 0            ; 0       ; 0         ; 0    ; 0            ; |Somador4bits|lpm_divide:Mod2|lpm_divide_45m:auto_generated|sign_div_unsign_akh:divider                       ; work         ;
;             |alt_u_div_mve:divider|    ; 8 (8)             ; 0 (0)        ; 0           ; 0            ; 0       ; 0         ; 0    ; 0            ; |Somador4bits|lpm_divide:Mod2|lpm_divide_45m:auto_generated|sign_div_unsign_akh:divider|alt_u_div_mve:divider ; work         ;
;    |somador4:comb_3|                   ; 8 (0)             ; 0 (0)        ; 0           ; 0            ; 0       ; 0         ; 0    ; 0            ; |Somador4bits|somador4:comb_3                                                                                 ; work         ;
;       |somador:comb_22|                ; 3 (3)             ; 0 (0)        ; 0           ; 0            ; 0       ; 0         ; 0    ; 0            ; |Somador4bits|somador4:comb_3|somador:comb_22                                                                 ; work         ;
;       |somador:comb_23|                ; 2 (2)             ; 0 (0)        ; 0           ; 0            ; 0       ; 0         ; 0    ; 0            ; |Somador4bits|somador4:comb_3|somador:comb_23                                                                 ; work         ;
;       |somador:comb_24|                ; 1 (1)             ; 0 (0)        ; 0           ; 0            ; 0       ; 0         ; 0    ; 0            ; |Somador4bits|somador4:comb_3|somador:comb_24                                                                 ; work         ;
;       |somador:comb_25|                ; 2 (2)             ; 0 (0)        ; 0           ; 0            ; 0       ; 0         ; 0    ; 0            ; |Somador4bits|somador4:comb_3|somador:comb_25                                                                 ; work         ;
+----------------------------------------+-------------------+--------------+-------------+--------------+---------+-----------+------+--------------+---------------------------------------------------------------------------------------------------------------+--------------+
Note: For table entries with two numbers listed, the numbers in parentheses indicate the number of resources of the given type used by the specific entity alone. The numbers listed outside of parentheses indicate the total resources of the given type used by the specific entity and all of its sub-entities in the hierarchy.


+----------------------------------------------------------------------------------------------------------+
; User-Specified and Inferred Latches                                                                      ;
+----------------------------------------------------+----------------------------+------------------------+
; Latch Name                                         ; Latch Enable Signal        ; Free of Timing Hazards ;
+----------------------------------------------------+----------------------------+------------------------+
; decodificador:comb_11|saida[6]                     ; decodificador:comb_11|Mux7 ; yes                    ;
; decodificador:comb_11|saida[5]                     ; decodificador:comb_11|Mux7 ; yes                    ;
; decodificador:comb_11|saida[4]                     ; decodificador:comb_11|Mux7 ; yes                    ;
; decodificador:comb_11|saida[3]                     ; decodificador:comb_11|Mux7 ; yes                    ;
; decodificador:comb_11|saida[2]                     ; decodificador:comb_11|Mux7 ; yes                    ;
; decodificador:comb_11|saida[1]                     ; decodificador:comb_11|Mux7 ; yes                    ;
; decodificador:comb_11|saida[0]                     ; decodificador:comb_11|Mux7 ; yes                    ;
; Number of user-specified and inferred latches = 7  ;                            ;                        ;
+----------------------------------------------------+----------------------------+------------------------+
Note: All latches listed above may not be present at the end of synthesis due to various synthesis optimizations.


+------------------------------------------------------+
; General Register Statistics                          ;
+----------------------------------------------+-------+
; Statistic                                    ; Value ;
+----------------------------------------------+-------+
; Total registers                              ; 0     ;
; Number of registers using Synchronous Clear  ; 0     ;
; Number of registers using Synchronous Load   ; 0     ;
; Number of registers using Asynchronous Clear ; 0     ;
; Number of registers using Asynchronous Load  ; 0     ;
; Number of registers using Clock Enable       ; 0     ;
; Number of registers using Preset             ; 0     ;
+----------------------------------------------+-------+


+------------------------------------------------------------------+
; Parameter Settings for Inferred Entity Instance: lpm_divide:Mod1 ;
+------------------------+----------------+------------------------+
; Parameter Name         ; Value          ; Type                   ;
+------------------------+----------------+------------------------+
; LPM_WIDTHN             ; 4              ; Untyped                ;
; LPM_WIDTHD             ; 7              ; Untyped                ;
; LPM_NREPRESENTATION    ; UNSIGNED       ; Untyped                ;
; LPM_DREPRESENTATION    ; UNSIGNED       ; Untyped                ;
; LPM_PIPELINE           ; 0              ; Untyped                ;
; LPM_REMAINDERPOSITIVE  ; TRUE           ; Untyped                ;
; MAXIMIZE_SPEED         ; 5              ; Untyped                ;
; CBXI_PARAMETER         ; lpm_divide_35m ; Untyped                ;
; CARRY_CHAIN            ; MANUAL         ; Untyped                ;
; OPTIMIZE_FOR_SPEED     ; 5              ; Untyped                ;
; AUTO_CARRY_CHAINS      ; ON             ; AUTO_CARRY             ;
; IGNORE_CARRY_BUFFERS   ; OFF            ; IGNORE_CARRY           ;
; AUTO_CASCADE_CHAINS    ; ON             ; AUTO_CASCADE           ;
; IGNORE_CASCADE_BUFFERS ; OFF            ; IGNORE_CASCADE         ;
+------------------------+----------------+------------------------+
Note: In order to hide this table in the UI and the text report file, please set the "Show Parameter Settings in Synthesis Report" option in "Analysis and Synthesis Settings -> More Settings" to "Off".


+------------------------------------------------------------------+
; Parameter Settings for Inferred Entity Instance: lpm_divide:Mod2 ;
+------------------------+----------------+------------------------+
; Parameter Name         ; Value          ; Type                   ;
+------------------------+----------------+------------------------+
; LPM_WIDTHN             ; 7              ; Untyped                ;
; LPM_WIDTHD             ; 4              ; Untyped                ;
; LPM_NREPRESENTATION    ; UNSIGNED       ; Untyped                ;
; LPM_DREPRESENTATION    ; UNSIGNED       ; Untyped                ;
; LPM_PIPELINE           ; 0              ; Untyped                ;
; LPM_REMAINDERPOSITIVE  ; TRUE           ; Untyped                ;
; MAXIMIZE_SPEED         ; 5              ; Untyped                ;
; CBXI_PARAMETER         ; lpm_divide_45m ; Untyped                ;
; CARRY_CHAIN            ; MANUAL         ; Untyped                ;
; OPTIMIZE_FOR_SPEED     ; 5              ; Untyped                ;
; AUTO_CARRY_CHAINS      ; ON             ; AUTO_CARRY             ;
; IGNORE_CARRY_BUFFERS   ; OFF            ; IGNORE_CARRY           ;
; AUTO_CASCADE_CHAINS    ; ON             ; AUTO_CASCADE           ;
; IGNORE_CASCADE_BUFFERS ; OFF            ; IGNORE_CASCADE         ;
+------------------------+----------------+------------------------+
Note: In order to hide this table in the UI and the text report file, please set the "Show Parameter Settings in Synthesis Report" option in "Analysis and Synthesis Settings -> More Settings" to "Off".


+------------------------------------------------------------------+
; Parameter Settings for Inferred Entity Instance: lpm_divide:Div1 ;
+------------------------+----------------+------------------------+
; Parameter Name         ; Value          ; Type                   ;
+------------------------+----------------+------------------------+
; LPM_WIDTHN             ; 7              ; Untyped                ;
; LPM_WIDTHD             ; 4              ; Untyped                ;
; LPM_NREPRESENTATION    ; UNSIGNED       ; Untyped                ;
; LPM_DREPRESENTATION    ; UNSIGNED       ; Untyped                ;
; LPM_PIPELINE           ; 0              ; Untyped                ;
; LPM_REMAINDERPOSITIVE  ; TRUE           ; Untyped                ;
; MAXIMIZE_SPEED         ; 5              ; Untyped                ;
; CBXI_PARAMETER         ; lpm_divide_0dm ; Untyped                ;
; CARRY_CHAIN            ; MANUAL         ; Untyped                ;
; OPTIMIZE_FOR_SPEED     ; 5              ; Untyped                ;
; AUTO_CARRY_CHAINS      ; ON             ; AUTO_CARRY             ;
; IGNORE_CARRY_BUFFERS   ; OFF            ; IGNORE_CARRY           ;
; AUTO_CASCADE_CHAINS    ; ON             ; AUTO_CASCADE           ;
; IGNORE_CASCADE_BUFFERS ; OFF            ; IGNORE_CASCADE         ;
+------------------------+----------------+------------------------+
Note: In order to hide this table in the UI and the text report file, please set the "Show Parameter Settings in Synthesis Report" option in "Analysis and Synthesis Settings -> More Settings" to "Off".


+-------------------------------------------------------------+
; Port Connectivity Checks: "somador4:comb_3|somador:comb_27" ;
+------+-------+----------+-----------------------------------+
; Port ; Type  ; Severity ; Details                           ;
+------+-------+----------+-----------------------------------+
; a    ; Input ; Info     ; Stuck at GND                      ;
; b    ; Input ; Info     ; Stuck at GND                      ;
+------+-------+----------+-----------------------------------+


+-------------------------------------------------------------+
; Port Connectivity Checks: "somador4:comb_3|somador:comb_26" ;
+------+-------+----------+-----------------------------------+
; Port ; Type  ; Severity ; Details                           ;
+------+-------+----------+-----------------------------------+
; a    ; Input ; Info     ; Stuck at GND                      ;
; b    ; Input ; Info     ; Stuck at GND                      ;
+------+-------+----------+-----------------------------------+


+-------------------------------------------------------------------------------------------------------------------------------------------------+
; Port Connectivity Checks: "somador4:comb_3"                                                                                                     ;
+------+--------+----------+----------------------------------------------------------------------------------------------------------------------+
; Port ; Type   ; Severity ; Details                                                                                                              ;
+------+--------+----------+----------------------------------------------------------------------------------------------------------------------+
; TS5  ; Output ; Info     ; Connected to dangling logic. Logic that only feeds a dangling port will be removed.                                  ;
; S    ; Output ; Warning  ; Output or bidir port (6 bits) is wider than the port expression (4 bits) it drives; bit(s) "S[5..4]" have no fanouts ;
+------+--------+----------+----------------------------------------------------------------------------------------------------------------------+


+-------------------------------+
; Elapsed Time Per Partition    ;
+----------------+--------------+
; Partition Name ; Elapsed Time ;
+----------------+--------------+
; Top            ; 00:00:01     ;
+----------------+--------------+


+-------------------------------+
; Analysis & Synthesis Messages ;
+-------------------------------+
Info: *******************************************************************
Info: Running Quartus II 64-Bit Analysis & Synthesis
    Info: Version 13.0.1 Build 232 06/12/2013 Service Pack 1 SJ Web Edition
    Info: Processing started: Thu Nov 03 12:12:38 2016
Info: Command: quartus_map --read_settings_files=on --write_settings_files=off Somador4bits -c Somador4bits
Warning (20028): Parallel compilation is not licensed and has been disabled
Info (12021): Found 4 design units, including 4 entities, in source file somador4bits.v
    Info (12023): Found entity 1: somador
    Info (12023): Found entity 2: somador4
    Info (12023): Found entity 3: decodificador
    Info (12023): Found entity 4: Somador4bits
Critical Warning (10846): Verilog HDL Instantiation warning at Somador4bits.v(28): instance has no name
Critical Warning (10846): Verilog HDL Instantiation warning at Somador4bits.v(29): instance has no name
Critical Warning (10846): Verilog HDL Instantiation warning at Somador4bits.v(30): instance has no name
Critical Warning (10846): Verilog HDL Instantiation warning at Somador4bits.v(31): instance has no name
Critical Warning (10846): Verilog HDL Instantiation warning at Somador4bits.v(32): instance has no name
Critical Warning (10846): Verilog HDL Instantiation warning at Somador4bits.v(33): instance has no name
Critical Warning (10846): Verilog HDL Instantiation warning at Somador4bits.v(68): instance has no name
Critical Warning (10846): Verilog HDL Instantiation warning at Somador4bits.v(74): instance has no name
Critical Warning (10846): Verilog HDL Instantiation warning at Somador4bits.v(75): instance has no name
Critical Warning (10846): Verilog HDL Instantiation warning at Somador4bits.v(76): instance has no name
Info (12127): Elaborating entity "Somador4bits" for the top level hierarchy
Warning (10230): Verilog HDL assignment warning at Somador4bits.v(70): truncated value with size 32 to match size of target (4)
Warning (10230): Verilog HDL assignment warning at Somador4bits.v(71): truncated value with size 32 to match size of target (4)
Warning (10230): Verilog HDL assignment warning at Somador4bits.v(72): truncated value with size 32 to match size of target (4)
Info (12128): Elaborating entity "somador4" for hierarchy "somador4:comb_3"
Warning (10230): Verilog HDL assignment warning at Somador4bits.v(24): truncated value with size 6 to match size of target (1)
Info (12128): Elaborating entity "somador" for hierarchy "somador4:comb_3|somador:comb_22"
Info (12128): Elaborating entity "decodificador" for hierarchy "decodificador:comb_9"
Warning (10270): Verilog HDL Case Statement warning at Somador4bits.v(44): incomplete case statement has no default case item
Warning (10240): Verilog HDL Always Construct warning at Somador4bits.v(44): inferring latch(es) for variable "saida", which holds its previous value in one or more paths through the always construct
Info (10041): Inferred latch for "saida[6]" at Somador4bits.v(44)
Info (10041): Inferred latch for "saida[5]" at Somador4bits.v(44)
Info (10041): Inferred latch for "saida[4]" at Somador4bits.v(44)
Info (10041): Inferred latch for "saida[3]" at Somador4bits.v(44)
Info (10041): Inferred latch for "saida[2]" at Somador4bits.v(44)
Info (10041): Inferred latch for "saida[1]" at Somador4bits.v(44)
Info (10041): Inferred latch for "saida[0]" at Somador4bits.v(44)
Info (278001): Inferred 3 megafunctions from design logic
    Info (278004): Inferred divider/modulo megafunction ("lpm_divide") from the following logic: "Mod1"
    Info (278004): Inferred divider/modulo megafunction ("lpm_divide") from the following logic: "Mod2"
    Info (278004): Inferred divider/modulo megafunction ("lpm_divide") from the following logic: "Div1"
Info (12130): Elaborated megafunction instantiation "lpm_divide:Mod1"
Info (12133): Instantiated megafunction "lpm_divide:Mod1" with the following parameter:
    Info (12134): Parameter "LPM_WIDTHN" = "4"
    Info (12134): Parameter "LPM_WIDTHD" = "7"
    Info (12134): Parameter "LPM_NREPRESENTATION" = "UNSIGNED"
    Info (12134): Parameter "LPM_DREPRESENTATION" = "UNSIGNED"
Info (12021): Found 1 design units, including 1 entities, in source file db/lpm_divide_35m.tdf
    Info (12023): Found entity 1: lpm_divide_35m
Info (12021): Found 1 design units, including 1 entities, in source file db/sign_div_unsign_dkh.tdf
    Info (12023): Found entity 1: sign_div_unsign_dkh
Info (12021): Found 1 design units, including 1 entities, in source file db/alt_u_div_sve.tdf
    Info (12023): Found entity 1: alt_u_div_sve
Info (12021): Found 1 design units, including 1 entities, in source file db/add_sub_lkc.tdf
    Info (12023): Found entity 1: add_sub_lkc
Info (12021): Found 1 design units, including 1 entities, in source file db/add_sub_mkc.tdf
    Info (12023): Found entity 1: add_sub_mkc
Info (12130): Elaborated megafunction instantiation "lpm_divide:Mod2"
Info (12133): Instantiated megafunction "lpm_divide:Mod2" with the following parameter:
    Info (12134): Parameter "LPM_WIDTHN" = "7"
    Info (12134): Parameter "LPM_WIDTHD" = "4"
    Info (12134): Parameter "LPM_NREPRESENTATION" = "UNSIGNED"
    Info (12134): Parameter "LPM_DREPRESENTATION" = "UNSIGNED"
Info (12021): Found 1 design units, including 1 entities, in source file db/lpm_divide_45m.tdf
    Info (12023): Found entity 1: lpm_divide_45m
Info (12021): Found 1 design units, including 1 entities, in source file db/sign_div_unsign_akh.tdf
    Info (12023): Found entity 1: sign_div_unsign_akh
Info (12021): Found 1 design units, including 1 entities, in source file db/alt_u_div_mve.tdf
    Info (12023): Found entity 1: alt_u_div_mve
Info (12130): Elaborated megafunction instantiation "lpm_divide:Div1"
Info (12133): Instantiated megafunction "lpm_divide:Div1" with the following parameter:
    Info (12134): Parameter "LPM_WIDTHN" = "7"
    Info (12134): Parameter "LPM_WIDTHD" = "4"
    Info (12134): Parameter "LPM_NREPRESENTATION" = "UNSIGNED"
    Info (12134): Parameter "LPM_DREPRESENTATION" = "UNSIGNED"
Info (12021): Found 1 design units, including 1 entities, in source file db/lpm_divide_0dm.tdf
    Info (12023): Found entity 1: lpm_divide_0dm
Warning (14026): LATCH primitive "decodificador:comb_10|saida[6]" is permanently enabled
Warning (14026): LATCH primitive "decodificador:comb_10|saida[5]" is permanently enabled
Warning (14026): LATCH primitive "decodificador:comb_10|saida[4]" is permanently enabled
Warning (14026): LATCH primitive "decodificador:comb_10|saida[3]" is permanently enabled
Warning (14026): LATCH primitive "decodificador:comb_10|saida[2]" is permanently enabled
Warning (14026): LATCH primitive "decodificador:comb_10|saida[1]" is permanently enabled
Warning (14026): LATCH primitive "decodificador:comb_10|saida[0]" is permanently enabled
Warning (12241): 1 hierarchies have connectivity warnings - see the Connectivity Checks report folder
Warning (13012): Latch decodificador:comb_11|saida[6] has unsafe behavior
    Warning (13013): Ports D and ENA on the latch are fed by the same signal SW[0]
Warning (13012): Latch decodificador:comb_11|saida[5] has unsafe behavior
    Warning (13013): Ports D and ENA on the latch are fed by the same signal SW[0]
Warning (13012): Latch decodificador:comb_11|saida[4] has unsafe behavior
    Warning (13013): Ports D and ENA on the latch are fed by the same signal SW[0]
Warning (13012): Latch decodificador:comb_11|saida[3] has unsafe behavior
    Warning (13013): Ports D and ENA on the latch are fed by the same signal SW[0]
Warning (13012): Latch decodificador:comb_11|saida[2] has unsafe behavior
    Warning (13013): Ports D and ENA on the latch are fed by the same signal SW[0]
Warning (13012): Latch decodificador:comb_11|saida[1] has unsafe behavior
    Warning (13013): Ports D and ENA on the latch are fed by the same signal somador4:comb_3|somador:comb_24|saida
Warning (13012): Latch decodificador:comb_11|saida[0] has unsafe behavior
    Warning (13013): Ports D and ENA on the latch are fed by the same signal SW[0]
Warning (13024): Output pins are stuck at VCC or GND
    Warning (13410): Pin "HEX1[6]" is stuck at VCC
    Warning (13410): Pin "HEX1[2]" is stuck at GND
    Warning (13410): Pin "HEX1[1]" is stuck at GND
    Warning (13410): Pin "HEX2[6]" is stuck at VCC
    Warning (13410): Pin "HEX2[5]" is stuck at GND
    Warning (13410): Pin "HEX2[4]" is stuck at GND
    Warning (13410): Pin "HEX2[3]" is stuck at GND
    Warning (13410): Pin "HEX2[2]" is stuck at GND
    Warning (13410): Pin "HEX2[1]" is stuck at GND
    Warning (13410): Pin "HEX2[0]" is stuck at GND
Info (16010): Generating hard_block partition "hard_block:auto_generated_inst"
    Info (16011): Adding 0 node(s), including 0 DDIO, 0 PLL, 0 transceiver and 0 LCELL
Warning (21074): Design contains 9 input pin(s) that do not drive logic
    Warning (15610): No output dependent on input pin "SW[4]"
    Warning (15610): No output dependent on input pin "SW[5]"
    Warning (15610): No output dependent on input pin "SW[6]"
    Warning (15610): No output dependent on input pin "SW[7]"
    Warning (15610): No output dependent on input pin "SW[8]"
    Warning (15610): No output dependent on input pin "SW[9]"
    Warning (15610): No output dependent on input pin "SW[11]"
    Warning (15610): No output dependent on input pin "SW[12]"
    Warning (15610): No output dependent on input pin "SW[13]"
Info (21057): Implemented 75 device resources after synthesis - the final resource count might be different
    Info (21058): Implemented 18 input pins
    Info (21059): Implemented 21 output pins
    Info (21061): Implemented 36 logic cells
Info: Quartus II 64-Bit Analysis & Synthesis was successful. 0 errors, 60 warnings
    Info: Peak virtual memory: 505 megabytes
    Info: Processing ended: Thu Nov 03 12:12:41 2016
    Info: Elapsed time: 00:00:03
    Info: Total CPU time (on all processors): 00:00:02


